Arguments: 
  /Users/pupo/.nvm/versions/node/v14.16.1/bin/node /usr/local/Cellar/yarn/1.22.10/libexec/bin/yarn.js add ts-node

PATH: 
  /Users/pupo/.rvm/gems/ruby-2.7.2/bin:/Users/pupo/.rvm/gems/ruby-2.7.2@global/bin:/Users/pupo/.rvm/rubies/ruby-2.7.2/bin:/Users/pupo/.nvm/versions/node/v14.16.1/bin:/Users/pupo/.cargo/bin:/usr/local/bin:/usr/bin:/bin:/usr/sbin:/sbin:/Library/Apple/usr/bin:/Users/pupo/Library/Android/sdk/emulator:/Users/pupo/Library/Android/sdk/tools:/Users/pupo/Library/Android/sdk/tools/bin:/Users/pupo/Library/Android/sdk/platform-tools:/Users/pupo/.rvm/bin

Yarn version: 
  1.22.10

Node version: 
  14.16.1

Platform: 
  darwin x64

Trace: 
  SyntaxError: /Users/pupo/Dev/personnal/the-flying-pupo/scripts/package.json: Unexpected token } in JSON at position 168
      at JSON.parse (<anonymous>)
      at /usr/local/Cellar/yarn/1.22.10/libexec/lib/cli.js:1625:59
      at Generator.next (<anonymous>)
      at step (/usr/local/Cellar/yarn/1.22.10/libexec/lib/cli.js:310:30)
      at /usr/local/Cellar/yarn/1.22.10/libexec/lib/cli.js:321:13

npm manifest: 
  {
      "name": "@the-flying-pupo/cms-client",
      "version": "0.0.1",
      "private": true,
      "scripts": {
          "migrate-flights": "ts-node src/migrateFlights",
      },
      "engines": {
          "node": "14.x",
          "npm": "7.x"
      },
      "devDependencies": {
          "@google-cloud/firestore": "^4.11.0",
          "@the-flying-pupo/schema": "link:../schema",
          "typescript": "^4.1.2"
      }
  }

yarn manifest: 
  No manifest

Lockfile: 
  # THIS IS AN AUTOGENERATED FILE. DO NOT EDIT THIS FILE DIRECTLY.
  # yarn lockfile v1
  
  
  "@google-cloud/firestore@^4.11.0":
    version "4.11.0"
    resolved "https://registry.yarnpkg.com/@google-cloud/firestore/-/firestore-4.11.0.tgz#c7ca87235116e7439bd833739e26123732ceb77a"
    integrity sha512-Do9WJzEkFBBB+zVFvFfrrrIFEz086lrdgKQic7XsdoTgtYtq0yMu2u3kGLyxMbdasl2c2yf49FE4YvO3AYjQMQ==
    dependencies:
      fast-deep-equal "^3.1.1"
      functional-red-black-tree "^1.0.1"
      google-gax "^2.9.2"
      protobufjs "^6.8.6"
  
  "@grpc/grpc-js@~1.3.0":
    version "1.3.0"
    resolved "https://registry.yarnpkg.com/@grpc/grpc-js/-/grpc-js-1.3.0.tgz#c6febaaf00ce7f53b5ec52c7cf3e2a4725b82bcb"
    integrity sha512-fiL7ZaGg2HBiFtmv6m34d5jEgEtNXfctjzB3f7b3iuT7olBX4mHLMOqOBmGTTSOTfNRQJH5+vsyk6mEz3I0Q7Q==
    dependencies:
      "@types/node" ">=12.12.47"
  
  "@grpc/proto-loader@^0.6.1":
    version "0.6.1"
    resolved "https://registry.yarnpkg.com/@grpc/proto-loader/-/proto-loader-0.6.1.tgz#ad63e8c7d2a23b0175c78eebc26dedf6b0af0b0b"
    integrity sha512-4DIvEOZhw5nGj3RQngIoiMXRsre3InEH136krZTcirs/G2em3WMXdtx4Lqlnb4E2ertbWGs5gPeVDKU5BHffXw==
    dependencies:
      "@types/long" "^4.0.1"
      lodash.camelcase "^4.3.0"
      long "^4.0.0"
      protobufjs "^6.10.0"
      yargs "^16.1.1"
  
  "@protobufjs/aspromise@^1.1.1", "@protobufjs/aspromise@^1.1.2":
    version "1.1.2"
    resolved "https://registry.yarnpkg.com/@protobufjs/aspromise/-/aspromise-1.1.2.tgz#9b8b0cc663d669a7d8f6f5d0893a14d348f30fbf"
    integrity sha1-m4sMxmPWaafY9vXQiToU00jzD78=
  
  "@protobufjs/base64@^1.1.2":
    version "1.1.2"
    resolved "https://registry.yarnpkg.com/@protobufjs/base64/-/base64-1.1.2.tgz#4c85730e59b9a1f1f349047dbf24296034bb2735"
    integrity sha512-AZkcAA5vnN/v4PDqKyMR5lx7hZttPDgClv83E//FMNhR2TMcLUhfRUBHCmSl0oi9zMgDDqRUJkSxO3wm85+XLg==
  
  "@protobufjs/codegen@^2.0.4":
    version "2.0.4"
    resolved "https://registry.yarnpkg.com/@protobufjs/codegen/-/codegen-2.0.4.tgz#7ef37f0d010fb028ad1ad59722e506d9262815cb"
    integrity sha512-YyFaikqM5sH0ziFZCN3xDC7zeGaB/d0IUb9CATugHWbd1FRFwWwt4ld4OYMPWu5a3Xe01mGAULCdqhMlPl29Jg==
  
  "@protobufjs/eventemitter@^1.1.0":
    version "1.1.0"
    resolved "https://registry.yarnpkg.com/@protobufjs/eventemitter/-/eventemitter-1.1.0.tgz#355cbc98bafad5978f9ed095f397621f1d066b70"
    integrity sha1-NVy8mLr61ZePntCV85diHx0Ga3A=
  
  "@protobufjs/fetch@^1.1.0":
    version "1.1.0"
    resolved "https://registry.yarnpkg.com/@protobufjs/fetch/-/fetch-1.1.0.tgz#ba99fb598614af65700c1619ff06d454b0d84c45"
    integrity sha1-upn7WYYUr2VwDBYZ/wbUVLDYTEU=
    dependencies:
      "@protobufjs/aspromise" "^1.1.1"
      "@protobufjs/inquire" "^1.1.0"
  
  "@protobufjs/float@^1.0.2":
    version "1.0.2"
    resolved "https://registry.yarnpkg.com/@protobufjs/float/-/float-1.0.2.tgz#5e9e1abdcb73fc0a7cb8b291df78c8cbd97b87d1"
    integrity sha1-Xp4avctz/Ap8uLKR33jIy9l7h9E=
  
  "@protobufjs/inquire@^1.1.0":
    version "1.1.0"
    resolved "https://registry.yarnpkg.com/@protobufjs/inquire/-/inquire-1.1.0.tgz#ff200e3e7cf2429e2dcafc1140828e8cc638f089"
    integrity sha1-/yAOPnzyQp4tyvwRQIKOjMY48Ik=
  
  "@protobufjs/path@^1.1.2":
    version "1.1.2"
    resolved "https://registry.yarnpkg.com/@protobufjs/path/-/path-1.1.2.tgz#6cc2b20c5c9ad6ad0dccfd21ca7673d8d7fbf68d"
    integrity sha1-bMKyDFya1q0NzP0hynZz2Nf79o0=
  
  "@protobufjs/pool@^1.1.0":
    version "1.1.0"
    resolved "https://registry.yarnpkg.com/@protobufjs/pool/-/pool-1.1.0.tgz#09fd15f2d6d3abfa9b65bc366506d6ad7846ff54"
    integrity sha1-Cf0V8tbTq/qbZbw2ZQbWrXhG/1Q=
  
  "@protobufjs/utf8@^1.1.0":
    version "1.1.0"
    resolved "https://registry.yarnpkg.com/@protobufjs/utf8/-/utf8-1.1.0.tgz#a777360b5b39a1a2e5106f8e858f2fd2d060c570"
    integrity sha1-p3c2C1s5oaLlEG+OhY8v0tBgxXA=
  
  "@the-flying-pupo/schema@link:../schema":
    version "0.0.0"
    uid ""
  
  "@types/long@^4.0.0", "@types/long@^4.0.1":
    version "4.0.1"
    resolved "https://registry.yarnpkg.com/@types/long/-/long-4.0.1.tgz#459c65fa1867dafe6a8f322c4c51695663cc55e9"
    integrity sha512-5tXH6Bx/kNGd3MgffdmP4dy2Z+G4eaXw0SE81Tq3BNadtnMR5/ySMzX4SLEzHJzSmPNn4HIdpQsBvXMUykr58w==
  
  "@types/node@>=12.12.47", "@types/node@>=13.7.0":
    version "15.0.2"
    resolved "https://registry.yarnpkg.com/@types/node/-/node-15.0.2.tgz#51e9c0920d1b45936ea04341aa3e2e58d339fb67"
    integrity sha512-p68+a+KoxpoB47015IeYZYRrdqMUcpbK8re/zpFB8Ld46LHC1lPEbp3EXgkEhAYEcPvjJF6ZO+869SQ0aH1dcA==
  
  abort-controller@^3.0.0:
    version "3.0.0"
    resolved "https://registry.yarnpkg.com/abort-controller/-/abort-controller-3.0.0.tgz#eaf54d53b62bae4138e809ca225c8439a6efb392"
    integrity sha512-h8lQ8tacZYnR3vNQTgibj+tODHI5/+l06Au2Pcriv/Gmet0eaj4TwWH41sO9wnHDiQsEj19q0drzdWdeAHtweg==
    dependencies:
      event-target-shim "^5.0.0"
  
  agent-base@6:
    version "6.0.2"
    resolved "https://registry.yarnpkg.com/agent-base/-/agent-base-6.0.2.tgz#49fff58577cfee3f37176feab4c22e00f86d7f77"
    integrity sha512-RZNwNclF7+MS/8bDg70amg32dyeZGZxiDuQmZxKLAlQjr3jGyLx+4Kkk58UO7D2QdgFIQCovuSuZESne6RG6XQ==
    dependencies:
      debug "4"
  
  ansi-regex@^5.0.0:
    version "5.0.0"
    resolved "https://registry.yarnpkg.com/ansi-regex/-/ansi-regex-5.0.0.tgz#388539f55179bf39339c81af30a654d69f87cb75"
    integrity sha512-bY6fj56OUQ0hU1KjFNDQuJFezqKdrAyFdIevADiqrWHwSlbmBNMHp5ak2f40Pm8JTFyM2mqxkG6ngkHO11f/lg==
  
  ansi-styles@^4.0.0:
    version "4.3.0"
    resolved "https://registry.yarnpkg.com/ansi-styles/-/ansi-styles-4.3.0.tgz#edd803628ae71c04c85ae7a0906edad34b648937"
    integrity sha512-zbB9rCJAT1rbjiVDb2hqKFHNYLxgtk8NURxZ3IZwD3F6NtxbXZQCnnSi1Lkx+IDohdPlFp222wVALIheZJQSEg==
    dependencies:
      color-convert "^2.0.1"
  
  arrify@^2.0.0:
    version "2.0.1"
    resolved "https://registry.yarnpkg.com/arrify/-/arrify-2.0.1.tgz#c9655e9331e0abcd588d2a7cad7e9956f66701fa"
    integrity sha512-3duEwti880xqi4eAMN8AyR4a0ByT90zoYdLlevfrvU43vb0YZwZVfxOgxWrLXXXpyugL0hNZc9G6BiB5B3nUug==
  
  base64-js@^1.3.0:
    version "1.5.1"
    resolved "https://registry.yarnpkg.com/base64-js/-/base64-js-1.5.1.tgz#1b1b440160a5bf7ad40b650f095963481903930a"
    integrity sha512-AKpaYlHn8t4SVbOHCy+b5+KKgvR4vrsD8vbvrbiQJps7fKDTkjkDry6ji0rUJjC0kzbNePLwzxq8iypo41qeWA==
  
  bignumber.js@^9.0.0:
    version "9.0.1"
    resolved "https://registry.yarnpkg.com/bignumber.js/-/bignumber.js-9.0.1.tgz#8d7ba124c882bfd8e43260c67475518d0689e4e5"
    integrity sha512-IdZR9mh6ahOBv/hYGiXyVuyCetmGJhtYkqLBpTStdhEGjegpPlUawydyaF3pbIOFynJTpllEs+NP+CS9jKFLjA==
  
  buffer-equal-constant-time@1.0.1:
    version "1.0.1"
    resolved "https://registry.yarnpkg.com/buffer-equal-constant-time/-/buffer-equal-constant-time-1.0.1.tgz#f8e71132f7ffe6e01a5c9697a4c6f3e48d5cc819"
    integrity sha1-+OcRMvf/5uAaXJaXpMbz5I1cyBk=
  
  cliui@^7.0.2:
    version "7.0.4"
    resolved "https://registry.yarnpkg.com/cliui/-/cliui-7.0.4.tgz#a0265ee655476fc807aea9df3df8df7783808b4f"
    integrity sha512-OcRE68cOsVMXp1Yvonl/fzkQOyjLSu/8bhPDfQt0e0/Eb283TKP20Fs2MqoPsr9SwA595rRCA+QMzYc9nBP+JQ==
    dependencies:
      string-width "^4.2.0"
      strip-ansi "^6.0.0"
      wrap-ansi "^7.0.0"
  
  color-convert@^2.0.1:
    version "2.0.1"
    resolved "https://registry.yarnpkg.com/color-convert/-/color-convert-2.0.1.tgz#72d3a68d598c9bdb3af2ad1e84f21d896abd4de3"
    integrity sha512-RRECPsj7iu/xb5oKYcsFHSppFNnsj/52OVTRKb4zP5onXwVF3zVmmToNcOfGC+CRDpfK/U584fMg38ZHCaElKQ==
    dependencies:
      color-name "~1.1.4"
  
  color-name@~1.1.4:
    version "1.1.4"
    resolved "https://registry.yarnpkg.com/color-name/-/color-name-1.1.4.tgz#c2a09a87acbde69543de6f63fa3995c826c536a2"
    integrity sha512-dOy+3AuW3a2wNbZHIuMZpTcgjGuLU/uBL/ubcZF9OXbDo8ff4O8yVp5Bf0efS8uEoYo5q4Fx7dY9OgQGXgAsQA==
  
  debug@4, debug@^4.1.1:
    version "4.3.1"
    resolved "https://registry.yarnpkg.com/debug/-/debug-4.3.1.tgz#f0d229c505e0c6d8c49ac553d1b13dc183f6b2ee"
    integrity sha512-doEwdvm4PCeK4K3RQN2ZC2BYUBaxwLARCqZmMjtF8a51J2Rb0xpVloFRnCODwqjpwnAoao4pelN8l3RJdv3gRQ==
    dependencies:
      ms "2.1.2"
  
  duplexify@^4.0.0:
    version "4.1.1"
    resolved "https://registry.yarnpkg.com/duplexify/-/duplexify-4.1.1.tgz#7027dc374f157b122a8ae08c2d3ea4d2d953aa61"
    integrity sha512-DY3xVEmVHTv1wSzKNbwoU6nVjzI369Y6sPoqfYr0/xlx3IdX2n94xIszTcjPO8W8ZIv0Wb0PXNcjuZyT4wiICA==
    dependencies:
      end-of-stream "^1.4.1"
      inherits "^2.0.3"
      readable-stream "^3.1.1"
      stream-shift "^1.0.0"
  
  ecdsa-sig-formatter@1.0.11, ecdsa-sig-formatter@^1.0.11:
    version "1.0.11"
    resolved "https://registry.yarnpkg.com/ecdsa-sig-formatter/-/ecdsa-sig-formatter-1.0.11.tgz#ae0f0fa2d85045ef14a817daa3ce9acd0489e5bf"
    integrity sha512-nagl3RYrbNv6kQkeJIpt6NJZy8twLB/2vtz6yN9Z4vRKHN4/QZJIEbqohALSgwKdnksuY3k5Addp5lg8sVoVcQ==
    dependencies:
      safe-buffer "^5.0.1"
  
  emoji-regex@^8.0.0:
    version "8.0.0"
    resolved "https://registry.yarnpkg.com/emoji-regex/-/emoji-regex-8.0.0.tgz#e818fd69ce5ccfcb404594f842963bf53164cc37"
    integrity sha512-MSjYzcWNOA0ewAHpz0MxpYFvwg6yjy1NG3xteoqz644VCo/RPgnr1/GGt+ic3iJTzQ8Eu3TdM14SawnVUmGE6A==
  
  end-of-stream@^1.4.1:
    version "1.4.4"
    resolved "https://registry.yarnpkg.com/end-of-stream/-/end-of-stream-1.4.4.tgz#5ae64a5f45057baf3626ec14da0ca5e4b2431eb0"
    integrity sha512-+uw1inIHVPQoaVuHzRyXd21icM+cnt4CzD5rW+NC1wjOUSTOs+Te7FOv7AhN7vS9x/oIyhLP5PR1H+phQAHu5Q==
    dependencies:
      once "^1.4.0"
  
  escalade@^3.1.1:
    version "3.1.1"
    resolved "https://registry.yarnpkg.com/escalade/-/escalade-3.1.1.tgz#d8cfdc7000965c5a0174b4a82eaa5c0552742e40"
    integrity sha512-k0er2gUkLf8O0zKJiAhmkTnJlTvINGv7ygDNPbeIsX/TJjGJZHuh9B2UxbsaEkmlEo9MfhrSzmhIlhRlI2GXnw==
  
  event-target-shim@^5.0.0:
    version "5.0.1"
    resolved "https://registry.yarnpkg.com/event-target-shim/-/event-target-shim-5.0.1.tgz#5d4d3ebdf9583d63a5333ce2deb7480ab2b05789"
    integrity sha512-i/2XbnSz/uxRCU6+NdVJgKWDTM427+MqYbkQzD321DuCQJUqOuJKIA0IM2+W2xtYHdKOmZ4dR6fExsd4SXL+WQ==
  
  extend@^3.0.2:
    version "3.0.2"
    resolved "https://registry.yarnpkg.com/extend/-/extend-3.0.2.tgz#f8b1136b4071fbd8eb140aff858b1019ec2915fa"
    integrity sha512-fjquC59cD7CyW6urNXK0FBufkZcoiGG80wTuPujX590cB5Ttln20E2UB4S/WARVqhXffZl2LNgS+gQdPIIim/g==
  
  fast-deep-equal@^3.1.1:
    version "3.1.3"
    resolved "https://registry.yarnpkg.com/fast-deep-equal/-/fast-deep-equal-3.1.3.tgz#3a7d56b559d6cbc3eb512325244e619a65c6c525"
    integrity sha512-f3qQ9oQy9j2AhBe/H9VC91wLmKBCCU/gDOnKNAYG5hswO7BLKj09Hc5HYNz9cGI++xlpDCIgDaitVs03ATR84Q==
  
  fast-text-encoding@^1.0.0, fast-text-encoding@^1.0.3:
    version "1.0.3"
    resolved "https://registry.yarnpkg.com/fast-text-encoding/-/fast-text-encoding-1.0.3.tgz#ec02ac8e01ab8a319af182dae2681213cfe9ce53"
    integrity sha512-dtm4QZH9nZtcDt8qJiOH9fcQd1NAgi+K1O2DbE6GG1PPCK/BWfOH3idCTRQ4ImXRUOyopDEgDEnVEE7Y/2Wrig==
  
  functional-red-black-tree@^1.0.1:
    version "1.0.1"
    resolved "https://registry.yarnpkg.com/functional-red-black-tree/-/functional-red-black-tree-1.0.1.tgz#1b0ab3bd553b2a0d6399d29c0e3ea0b252078327"
    integrity sha1-GwqzvVU7Kg1jmdKcDj6gslIHgyc=
  
  gaxios@^4.0.0:
    version "4.2.1"
    resolved "https://registry.yarnpkg.com/gaxios/-/gaxios-4.2.1.tgz#7463d3a06f56ddbffa745a242d2b4933b88b2ada"
    integrity sha512-s+rTywpw6CmfB8r9TXYkpix7YFeuRjnR/AqhaJrQqsNhsAqej+IAiCc3hadzQH3gHyWth30tvYjxH8EVjQt/8Q==
    dependencies:
      abort-controller "^3.0.0"
      extend "^3.0.2"
      https-proxy-agent "^5.0.0"
      is-stream "^2.0.0"
      node-fetch "^2.3.0"
  
  gcp-metadata@^4.2.0:
    version "4.2.1"
    resolved "https://registry.yarnpkg.com/gcp-metadata/-/gcp-metadata-4.2.1.tgz#31849fbcf9025ef34c2297c32a89a1e7e9f2cd62"
    integrity sha512-tSk+REe5iq/N+K+SK1XjZJUrFPuDqGZVzCy2vocIHIGmPlTGsa8owXMJwGkrXr73NO0AzhPW4MF2DEHz7P2AVw==
    dependencies:
      gaxios "^4.0.0"
      json-bigint "^1.0.0"
  
  get-caller-file@^2.0.5:
    version "2.0.5"
    resolved "https://registry.yarnpkg.com/get-caller-file/-/get-caller-file-2.0.5.tgz#4f94412a82db32f36e3b0b9741f8a97feb031f7e"
    integrity sha512-DyFP3BM/3YHTQOCUL/w0OZHR0lpKeGrxotcHWcqNEdnltqFwXVfhEBQ94eIo34AfQpo0rGki4cyIiftY06h2Fg==
  
  google-auth-library@^7.0.2:
    version "7.0.4"
    resolved "https://registry.yarnpkg.com/google-auth-library/-/google-auth-library-7.0.4.tgz#610cb010de71435dca47dfbe8dc7fbff23055d2c"
    integrity sha512-o8irYyeijEiecTXeoEe8UKNEzV1X+uhR4b2oNdapDMZixypp0J+eHimGOyx5Joa3UAeokGngdtDLXtq9vDqG2Q==
    dependencies:
      arrify "^2.0.0"
      base64-js "^1.3.0"
      ecdsa-sig-formatter "^1.0.11"
      fast-text-encoding "^1.0.0"
      gaxios "^4.0.0"
      gcp-metadata "^4.2.0"
      gtoken "^5.0.4"
      jws "^4.0.0"
      lru-cache "^6.0.0"
  
  google-gax@^2.9.2:
    version "2.12.0"
    resolved "https://registry.yarnpkg.com/google-gax/-/google-gax-2.12.0.tgz#caf04b72d81ca8a3c34c72d7f4e9866ad38dd775"
    integrity sha512-UDx4ZZx85vXBe6GZ0sdRSzuegLrRQdRjCxlauX+U7i5YwOoSgcSaIM71BhcdHwGPhEkvO/SSHrEfc1wpL/J6JA==
    dependencies:
      "@grpc/grpc-js" "~1.3.0"
      "@grpc/proto-loader" "^0.6.1"
      "@types/long" "^4.0.0"
      abort-controller "^3.0.0"
      duplexify "^4.0.0"
      fast-text-encoding "^1.0.3"
      google-auth-library "^7.0.2"
      is-stream-ended "^0.1.4"
      node-fetch "^2.6.1"
      object-hash "^2.1.1"
      protobufjs "^6.10.2"
      retry-request "^4.0.0"
  
  google-p12-pem@^3.0.3:
    version "3.0.3"
    resolved "https://registry.yarnpkg.com/google-p12-pem/-/google-p12-pem-3.0.3.tgz#673ac3a75d3903a87f05878f3c75e06fc151669e"
    integrity sha512-wS0ek4ZtFx/ACKYF3JhyGe5kzH7pgiQ7J5otlumqR9psmWMYc+U9cErKlCYVYHoUaidXHdZ2xbo34kB+S+24hA==
    dependencies:
      node-forge "^0.10.0"
  
  gtoken@^5.0.4:
    version "5.2.1"
    resolved "https://registry.yarnpkg.com/gtoken/-/gtoken-5.2.1.tgz#4dae1fea17270f457954b4a45234bba5fc796d16"
    integrity sha512-OY0BfPKe3QnMsY9MzTHTSKn+Vl2l1CcLe6BwDEQj00mbbkl5nyQ/7EUREstg4fQNZ8iYE7br4JJ7TdKeDOPWmw==
    dependencies:
      gaxios "^4.0.0"
      google-p12-pem "^3.0.3"
      jws "^4.0.0"
  
  https-proxy-agent@^5.0.0:
    version "5.0.0"
    resolved "https://registry.yarnpkg.com/https-proxy-agent/-/https-proxy-agent-5.0.0.tgz#e2a90542abb68a762e0a0850f6c9edadfd8506b2"
    integrity sha512-EkYm5BcKUGiduxzSt3Eppko+PiNWNEpa4ySk9vTC6wDsQJW9rHSa+UhGNJoRYp7bz6Ht1eaRIa6QaJqO5rCFbA==
    dependencies:
      agent-base "6"
      debug "4"
  
  inherits@^2.0.3:
    version "2.0.4"
    resolved "https://registry.yarnpkg.com/inherits/-/inherits-2.0.4.tgz#0fa2c64f932917c3433a0ded55363aae37416b7c"
    integrity sha512-k/vGaX4/Yla3WzyMCvTQOXYeIHvqOKtnqBduzTHpzpQZzAskKMhZ2K+EnBiSM9zGSoIFeMpXKxa4dYeZIQqewQ==
  
  is-fullwidth-code-point@^3.0.0:
    version "3.0.0"
    resolved "https://registry.yarnpkg.com/is-fullwidth-code-point/-/is-fullwidth-code-point-3.0.0.tgz#f116f8064fe90b3f7844a38997c0b75051269f1d"
    integrity sha512-zymm5+u+sCsSWyD9qNaejV3DFvhCKclKdizYaJUuHA83RLjb7nSuGnddCHGv0hk+KY7BMAlsWeK4Ueg6EV6XQg==
  
  is-stream-ended@^0.1.4:
    version "0.1.4"
    resolved "https://registry.yarnpkg.com/is-stream-ended/-/is-stream-ended-0.1.4.tgz#f50224e95e06bce0e356d440a4827cd35b267eda"
    integrity sha512-xj0XPvmr7bQFTvirqnFr50o0hQIh6ZItDqloxt5aJrR4NQsYeSsyFQERYGCAzfindAcnKjINnwEEgLx4IqVzQw==
  
  is-stream@^2.0.0:
    version "2.0.0"
    resolved "https://registry.yarnpkg.com/is-stream/-/is-stream-2.0.0.tgz#bde9c32680d6fae04129d6ac9d921ce7815f78e3"
    integrity sha512-XCoy+WlUr7d1+Z8GgSuXmpuUFC9fOhRXglJMx+dwLKTkL44Cjd4W1Z5P+BQZpr+cR93aGP4S/s7Ftw6Nd/kiEw==
  
  json-bigint@^1.0.0:
    version "1.0.0"
    resolved "https://registry.yarnpkg.com/json-bigint/-/json-bigint-1.0.0.tgz#ae547823ac0cad8398667f8cd9ef4730f5b01ff1"
    integrity sha512-SiPv/8VpZuWbvLSMtTDU8hEfrZWg/mH/nV/b4o0CYbSxu1UIQPLdwKOCIyLQX+VIPO5vrLX3i8qtqFyhdPSUSQ==
    dependencies:
      bignumber.js "^9.0.0"
  
  jwa@^2.0.0:
    version "2.0.0"
    resolved "https://registry.yarnpkg.com/jwa/-/jwa-2.0.0.tgz#a7e9c3f29dae94027ebcaf49975c9345593410fc"
    integrity sha512-jrZ2Qx916EA+fq9cEAeCROWPTfCwi1IVHqT2tapuqLEVVDKFDENFw1oL+MwrTvH6msKxsd1YTDVw6uKEcsrLEA==
    dependencies:
      buffer-equal-constant-time "1.0.1"
      ecdsa-sig-formatter "1.0.11"
      safe-buffer "^5.0.1"
  
  jws@^4.0.0:
    version "4.0.0"
    resolved "https://registry.yarnpkg.com/jws/-/jws-4.0.0.tgz#2d4e8cf6a318ffaa12615e9dec7e86e6c97310f4"
    integrity sha512-KDncfTmOZoOMTFG4mBlG0qUIOlc03fmzH+ru6RgYVZhPkyiy/92Owlt/8UEN+a4TXR1FQetfIpJE8ApdvdVxTg==
    dependencies:
      jwa "^2.0.0"
      safe-buffer "^5.0.1"
  
  lodash.camelcase@^4.3.0:
    version "4.3.0"
    resolved "https://registry.yarnpkg.com/lodash.camelcase/-/lodash.camelcase-4.3.0.tgz#b28aa6288a2b9fc651035c7711f65ab6190331a6"
    integrity sha1-soqmKIorn8ZRA1x3EfZathkDMaY=
  
  long@^4.0.0:
    version "4.0.0"
    resolved "https://registry.yarnpkg.com/long/-/long-4.0.0.tgz#9a7b71cfb7d361a194ea555241c92f7468d5bf28"
    integrity sha512-XsP+KhQif4bjX1kbuSiySJFNAehNxgLb6hPRGJ9QsUr8ajHkuXGdrHmFUTUUXhDwVX2R5bY4JNZEwbUiMhV+MA==
  
  lru-cache@^6.0.0:
    version "6.0.0"
    resolved "https://registry.yarnpkg.com/lru-cache/-/lru-cache-6.0.0.tgz#6d6fe6570ebd96aaf90fcad1dafa3b2566db3a94"
    integrity sha512-Jo6dJ04CmSjuznwJSS3pUeWmd/H0ffTlkXXgwZi+eq1UCmqQwCh+eLsYOYCwY991i2Fah4h1BEMCx4qThGbsiA==
    dependencies:
      yallist "^4.0.0"
  
  ms@2.1.2:
    version "2.1.2"
    resolved "https://registry.yarnpkg.com/ms/-/ms-2.1.2.tgz#d09d1f357b443f493382a8eb3ccd183872ae6009"
    integrity sha512-sGkPx+VjMtmA6MX27oA4FBFELFCZZ4S4XqeGOXCv68tT+jb3vk/RyaKWP0PTKyWtmLSM0b+adUTEvbs1PEaH2w==
  
  node-fetch@^2.3.0, node-fetch@^2.6.1:
    version "2.6.1"
    resolved "https://registry.yarnpkg.com/node-fetch/-/node-fetch-2.6.1.tgz#045bd323631f76ed2e2b55573394416b639a0052"
    integrity sha512-V4aYg89jEoVRxRb2fJdAg8FHvI7cEyYdVAh94HH0UIK8oJxUfkjlDQN9RbMx+bEjP7+ggMiFRprSti032Oipxw==
  
  node-forge@^0.10.0:
    version "0.10.0"
    resolved "https://registry.yarnpkg.com/node-forge/-/node-forge-0.10.0.tgz#32dea2afb3e9926f02ee5ce8794902691a676bf3"
    integrity sha512-PPmu8eEeG9saEUvI97fm4OYxXVB6bFvyNTyiUOBichBpFG8A1Ljw3bY62+5oOjDEMHRnd0Y7HQ+x7uzxOzC6JA==
  
  object-hash@^2.1.1:
    version "2.1.1"
    resolved "https://registry.yarnpkg.com/object-hash/-/object-hash-2.1.1.tgz#9447d0279b4fcf80cff3259bf66a1dc73afabe09"
    integrity sha512-VOJmgmS+7wvXf8CjbQmimtCnEx3IAoLxI3fp2fbWehxrWBcAQFbk+vcwb6vzR0VZv/eNCJ/27j151ZTwqW/JeQ==
  
  once@^1.4.0:
    version "1.4.0"
    resolved "https://registry.yarnpkg.com/once/-/once-1.4.0.tgz#583b1aa775961d4b113ac17d9c50baef9dd76bd1"
    integrity sha1-WDsap3WWHUsROsF9nFC6753Xa9E=
    dependencies:
      wrappy "1"
  
  protobufjs@^6.10.0, protobufjs@^6.10.2, protobufjs@^6.8.6:
    version "6.11.2"
    resolved "https://registry.yarnpkg.com/protobufjs/-/protobufjs-6.11.2.tgz#de39fabd4ed32beaa08e9bb1e30d08544c1edf8b"
    integrity sha512-4BQJoPooKJl2G9j3XftkIXjoC9C0Av2NOrWmbLWT1vH32GcSUHjM0Arra6UfTsVyfMAuFzaLucXn1sadxJydAw==
    dependencies:
      "@protobufjs/aspromise" "^1.1.2"
      "@protobufjs/base64" "^1.1.2"
      "@protobufjs/codegen" "^2.0.4"
      "@protobufjs/eventemitter" "^1.1.0"
      "@protobufjs/fetch" "^1.1.0"
      "@protobufjs/float" "^1.0.2"
      "@protobufjs/inquire" "^1.1.0"
      "@protobufjs/path" "^1.1.2"
      "@protobufjs/pool" "^1.1.0"
      "@protobufjs/utf8" "^1.1.0"
      "@types/long" "^4.0.1"
      "@types/node" ">=13.7.0"
      long "^4.0.0"
  
  readable-stream@^3.1.1:
    version "3.6.0"
    resolved "https://registry.yarnpkg.com/readable-stream/-/readable-stream-3.6.0.tgz#337bbda3adc0706bd3e024426a286d4b4b2c9198"
    integrity sha512-BViHy7LKeTz4oNnkcLJ+lVSL6vpiFeX6/d3oSH8zCW7UxP2onchk+vTGB143xuFjHS3deTgkKoXXymXqymiIdA==
    dependencies:
      inherits "^2.0.3"
      string_decoder "^1.1.1"
      util-deprecate "^1.0.1"
  
  require-directory@^2.1.1:
    version "2.1.1"
    resolved "https://registry.yarnpkg.com/require-directory/-/require-directory-2.1.1.tgz#8c64ad5fd30dab1c976e2344ffe7f792a6a6df42"
    integrity sha1-jGStX9MNqxyXbiNE/+f3kqam30I=
  
  retry-request@^4.0.0:
    version "4.1.3"
    resolved "https://registry.yarnpkg.com/retry-request/-/retry-request-4.1.3.tgz#d5f74daf261372cff58d08b0a1979b4d7cab0fde"
    integrity sha512-QnRZUpuPNgX0+D1xVxul6DbJ9slvo4Rm6iV/dn63e048MvGbUZiKySVt6Tenp04JqmchxjiLltGerOJys7kJYQ==
    dependencies:
      debug "^4.1.1"
  
  safe-buffer@^5.0.1, safe-buffer@~5.2.0:
    version "5.2.1"
    resolved "https://registry.yarnpkg.com/safe-buffer/-/safe-buffer-5.2.1.tgz#1eaf9fa9bdb1fdd4ec75f58f9cdb4e6b7827eec6"
    integrity sha512-rp3So07KcdmmKbGvgaNxQSJr7bGVSVk5S9Eq1F+ppbRo70+YeaDxkw5Dd8NPN+GD6bjnYm2VuPuCXmpuYvmCXQ==
  
  stream-shift@^1.0.0:
    version "1.0.1"
    resolved "https://registry.yarnpkg.com/stream-shift/-/stream-shift-1.0.1.tgz#d7088281559ab2778424279b0877da3c392d5a3d"
    integrity sha512-AiisoFqQ0vbGcZgQPY1cdP2I76glaVA/RauYR4G4thNFgkTqr90yXTo4LYX60Jl+sIlPNHHdGSwo01AvbKUSVQ==
  
  string-width@^4.1.0, string-width@^4.2.0:
    version "4.2.2"
    resolved "https://registry.yarnpkg.com/string-width/-/string-width-4.2.2.tgz#dafd4f9559a7585cfba529c6a0a4f73488ebd4c5"
    integrity sha512-XBJbT3N4JhVumXE0eoLU9DCjcaF92KLNqTmFCnG1pf8duUxFGwtP6AD6nkjw9a3IdiRtL3E2w3JDiE/xi3vOeA==
    dependencies:
      emoji-regex "^8.0.0"
      is-fullwidth-code-point "^3.0.0"
      strip-ansi "^6.0.0"
  
  string_decoder@^1.1.1:
    version "1.3.0"
    resolved "https://registry.yarnpkg.com/string_decoder/-/string_decoder-1.3.0.tgz#42f114594a46cf1a8e30b0a84f56c78c3edac21e"
    integrity sha512-hkRX8U1WjJFd8LsDJ2yQ/wWWxaopEsABU1XfkM8A+j0+85JAGppt16cr1Whg6KIbb4okU6Mql6BOj+uup/wKeA==
    dependencies:
      safe-buffer "~5.2.0"
  
  strip-ansi@^6.0.0:
    version "6.0.0"
    resolved "https://registry.yarnpkg.com/strip-ansi/-/strip-ansi-6.0.0.tgz#0b1571dd7669ccd4f3e06e14ef1eed26225ae532"
    integrity sha512-AuvKTrTfQNYNIctbR1K/YGTR1756GycPsg7b9bdV9Duqur4gv6aKqHXah67Z8ImS7WEz5QVcOtlfW2rZEugt6w==
    dependencies:
      ansi-regex "^5.0.0"
  
  typescript@^4.1.2:
    version "4.2.4"
    resolved "https://registry.yarnpkg.com/typescript/-/typescript-4.2.4.tgz#8610b59747de028fda898a8aef0e103f156d0961"
    integrity sha512-V+evlYHZnQkaz8TRBuxTA92yZBPotr5H+WhQ7bD3hZUndx5tGOa1fuCgeSjxAzM1RiN5IzvadIXTVefuuwZCRg==
  
  util-deprecate@^1.0.1:
    version "1.0.2"
    resolved "https://registry.yarnpkg.com/util-deprecate/-/util-deprecate-1.0.2.tgz#450d4dc9fa70de732762fbd2d4a28981419a0ccf"
    integrity sha1-RQ1Nyfpw3nMnYvvS1KKJgUGaDM8=
  
  wrap-ansi@^7.0.0:
    version "7.0.0"
    resolved "https://registry.yarnpkg.com/wrap-ansi/-/wrap-ansi-7.0.0.tgz#67e145cff510a6a6984bdf1152911d69d2eb9e43"
    integrity sha512-YVGIj2kamLSTxw6NsZjoBxfSwsn0ycdesmc4p+Q21c5zPuZ1pl+NfxVdxPtdHvmNVOQ6XSYG4AUtyt/Fi7D16Q==
    dependencies:
      ansi-styles "^4.0.0"
      string-width "^4.1.0"
      strip-ansi "^6.0.0"
  
  wrappy@1:
    version "1.0.2"
    resolved "https://registry.yarnpkg.com/wrappy/-/wrappy-1.0.2.tgz#b5243d8f3ec1aa35f1364605bc0d1036e30ab69f"
    integrity sha1-tSQ9jz7BqjXxNkYFvA0QNuMKtp8=
  
  y18n@^5.0.5:
    version "5.0.8"
    resolved "https://registry.yarnpkg.com/y18n/-/y18n-5.0.8.tgz#7f4934d0f7ca8c56f95314939ddcd2dd91ce1d55"
    integrity sha512-0pfFzegeDWJHJIAmTLRP2DwHjdF5s7jo9tuztdQxAhINCdvS+3nGINqPd00AphqJR/0LhANUS6/+7SCb98YOfA==
  
  yallist@^4.0.0:
    version "4.0.0"
    resolved "https://registry.yarnpkg.com/yallist/-/yallist-4.0.0.tgz#9bb92790d9c0effec63be73519e11a35019a3a72"
    integrity sha512-3wdGidZyq5PB084XLES5TpOSRA3wjXAlIWMhum2kRcv/41Sn2emQ0dycQW4uZXLejwKvg6EsvbdlVL+FYEct7A==
  
  yargs-parser@^20.2.2:
    version "20.2.7"
    resolved "https://registry.yarnpkg.com/yargs-parser/-/yargs-parser-20.2.7.tgz#61df85c113edfb5a7a4e36eb8aa60ef423cbc90a"
    integrity sha512-FiNkvbeHzB/syOjIUxFDCnhSfzAL8R5vs40MgLFBorXACCOAEaWu0gRZl14vG8MR9AOJIZbmkjhusqBYZ3HTHw==
  
  yargs@^16.1.1:
    version "16.2.0"
    resolved "https://registry.yarnpkg.com/yargs/-/yargs-16.2.0.tgz#1c82bf0f6b6a66eafce7ef30e376f49a12477f66"
    integrity sha512-D1mvvtDG0L5ft/jGWkLpG1+m0eQxOfaBvTNELraWj22wSVUMWxZUvYgJYcKh6jGGIkJFhH4IZPQhR4TKpc8mBw==
    dependencies:
      cliui "^7.0.2"
      escalade "^3.1.1"
      get-caller-file "^2.0.5"
      require-directory "^2.1.1"
      string-width "^4.2.0"
      y18n "^5.0.5"
      yargs-parser "^20.2.2"
